{"date":"Sun Jan 02 2022 16:57:55 GMT+0530 (India Standard Time)","error":{},"exception":true,"level":"error","message":"uncaughtException: app.use() requires a middleware function\nTypeError: app.use() requires a middleware function\n    at Function.use (/home/shyamlal/Documents/simplilearn/iva/node_modules/express/lib/application.js:210:11)\n    at Object.<anonymous> (/home/shyamlal/Documents/simplilearn/iva/server.js:9:5)\n    at Module._compile (node:internal/modules/cjs/loader:1101:14)\n    at Object.Module._extensions..js (node:internal/modules/cjs/loader:1153:10)\n    at Module.load (node:internal/modules/cjs/loader:981:32)\n    at Function.Module._load (node:internal/modules/cjs/loader:822:12)\n    at Function.executeUserEntryPoint [as runMain] (node:internal/modules/run_main:81:12)\n    at node:internal/main/run_main_module:17:47","os":{"loadavg":[0.4,0.87,1.08],"uptime":124207.95},"process":{"argv":["/home/shyamlal/.nvm/versions/node/v16.13.1/bin/node","/home/shyamlal/Documents/simplilearn/iva/server.js"],"cwd":"/home/shyamlal/Documents/simplilearn/iva","execPath":"/home/shyamlal/.nvm/versions/node/v16.13.1/bin/node","gid":1000,"memoryUsage":{"arrayBuffers":278091,"external":1918238,"heapTotal":17686528,"heapUsed":11438024,"rss":49811456},"pid":130071,"uid":1000,"version":"v16.13.1"},"stack":"TypeError: app.use() requires a middleware function\n    at Function.use (/home/shyamlal/Documents/simplilearn/iva/node_modules/express/lib/application.js:210:11)\n    at Object.<anonymous> (/home/shyamlal/Documents/simplilearn/iva/server.js:9:5)\n    at Module._compile (node:internal/modules/cjs/loader:1101:14)\n    at Object.Module._extensions..js (node:internal/modules/cjs/loader:1153:10)\n    at Module.load (node:internal/modules/cjs/loader:981:32)\n    at Function.Module._load (node:internal/modules/cjs/loader:822:12)\n    at Function.executeUserEntryPoint [as runMain] (node:internal/modules/run_main:81:12)\n    at node:internal/main/run_main_module:17:47","trace":[{"column":11,"file":"/home/shyamlal/Documents/simplilearn/iva/node_modules/express/lib/application.js","function":"Function.use","line":210,"method":"use","native":false},{"column":5,"file":"/home/shyamlal/Documents/simplilearn/iva/server.js","function":null,"line":9,"method":null,"native":false},{"column":14,"file":"node:internal/modules/cjs/loader","function":"Module._compile","line":1101,"method":"_compile","native":false},{"column":10,"file":"node:internal/modules/cjs/loader","function":"Module._extensions..js","line":1153,"method":".js","native":false},{"column":32,"file":"node:internal/modules/cjs/loader","function":"Module.load","line":981,"method":"load","native":false},{"column":12,"file":"node:internal/modules/cjs/loader","function":"Module._load","line":822,"method":"_load","native":false},{"column":12,"file":"node:internal/modules/run_main","function":"Function.executeUserEntryPoint [as runMain]","line":81,"method":"executeUserEntryPoint [as runMain]","native":false},{"column":47,"file":"node:internal/main/run_main_module","function":null,"line":17,"method":null,"native":false}]}
{"date":"Sun Jan 02 2022 16:58:20 GMT+0530 (India Standard Time)","error":{},"exception":true,"level":"error","message":"uncaughtException: winston is not a function\nTypeError: winston is not a function\n    at Object.<anonymous> (/home/shyamlal/Documents/simplilearn/iva/server.js:9:9)\n    at Module._compile (node:internal/modules/cjs/loader:1101:14)\n    at Object.Module._extensions..js (node:internal/modules/cjs/loader:1153:10)\n    at Module.load (node:internal/modules/cjs/loader:981:32)\n    at Function.Module._load (node:internal/modules/cjs/loader:822:12)\n    at Function.executeUserEntryPoint [as runMain] (node:internal/modules/run_main:81:12)\n    at node:internal/main/run_main_module:17:47","os":{"loadavg":[0.56,0.86,1.08],"uptime":124233.03},"process":{"argv":["/home/shyamlal/.nvm/versions/node/v16.13.1/bin/node","/home/shyamlal/Documents/simplilearn/iva/server.js"],"cwd":"/home/shyamlal/Documents/simplilearn/iva","execPath":"/home/shyamlal/.nvm/versions/node/v16.13.1/bin/node","gid":1000,"memoryUsage":{"arrayBuffers":292008,"external":1918238,"heapTotal":17686528,"heapUsed":11447712,"rss":50675712},"pid":130183,"uid":1000,"version":"v16.13.1"},"stack":"TypeError: winston is not a function\n    at Object.<anonymous> (/home/shyamlal/Documents/simplilearn/iva/server.js:9:9)\n    at Module._compile (node:internal/modules/cjs/loader:1101:14)\n    at Object.Module._extensions..js (node:internal/modules/cjs/loader:1153:10)\n    at Module.load (node:internal/modules/cjs/loader:981:32)\n    at Function.Module._load (node:internal/modules/cjs/loader:822:12)\n    at Function.executeUserEntryPoint [as runMain] (node:internal/modules/run_main:81:12)\n    at node:internal/main/run_main_module:17:47","trace":[{"column":9,"file":"/home/shyamlal/Documents/simplilearn/iva/server.js","function":null,"line":9,"method":null,"native":false},{"column":14,"file":"node:internal/modules/cjs/loader","function":"Module._compile","line":1101,"method":"_compile","native":false},{"column":10,"file":"node:internal/modules/cjs/loader","function":"Module._extensions..js","line":1153,"method":".js","native":false},{"column":32,"file":"node:internal/modules/cjs/loader","function":"Module.load","line":981,"method":"load","native":false},{"column":12,"file":"node:internal/modules/cjs/loader","function":"Module._load","line":822,"method":"_load","native":false},{"column":12,"file":"node:internal/modules/run_main","function":"Function.executeUserEntryPoint [as runMain]","line":81,"method":"executeUserEntryPoint [as runMain]","native":false},{"column":47,"file":"node:internal/main/run_main_module","function":null,"line":17,"method":null,"native":false}]}
{"date":"Sun Jan 02 2022 16:58:26 GMT+0530 (India Standard Time)","error":{},"exception":true,"level":"error","message":"uncaughtException: winston is not a function\nTypeError: winston is not a function\n    at Object.<anonymous> (/home/shyamlal/Documents/simplilearn/iva/server.js:9:9)\n    at Module._compile (node:internal/modules/cjs/loader:1101:14)\n    at Object.Module._extensions..js (node:internal/modules/cjs/loader:1153:10)\n    at Module.load (node:internal/modules/cjs/loader:981:32)\n    at Function.Module._load (node:internal/modules/cjs/loader:822:12)\n    at Function.executeUserEntryPoint [as runMain] (node:internal/modules/run_main:81:12)\n    at node:internal/main/run_main_module:17:47","os":{"loadavg":[0.6,0.87,1.08],"uptime":124238.51},"process":{"argv":["/home/shyamlal/.nvm/versions/node/v16.13.1/bin/node","/home/shyamlal/Documents/simplilearn/iva/server.js"],"cwd":"/home/shyamlal/Documents/simplilearn/iva","execPath":"/home/shyamlal/.nvm/versions/node/v16.13.1/bin/node","gid":1000,"memoryUsage":{"arrayBuffers":278091,"external":1918238,"heapTotal":17686528,"heapUsed":11221488,"rss":50921472},"pid":130211,"uid":1000,"version":"v16.13.1"},"stack":"TypeError: winston is not a function\n    at Object.<anonymous> (/home/shyamlal/Documents/simplilearn/iva/server.js:9:9)\n    at Module._compile (node:internal/modules/cjs/loader:1101:14)\n    at Object.Module._extensions..js (node:internal/modules/cjs/loader:1153:10)\n    at Module.load (node:internal/modules/cjs/loader:981:32)\n    at Function.Module._load (node:internal/modules/cjs/loader:822:12)\n    at Function.executeUserEntryPoint [as runMain] (node:internal/modules/run_main:81:12)\n    at node:internal/main/run_main_module:17:47","trace":[{"column":9,"file":"/home/shyamlal/Documents/simplilearn/iva/server.js","function":null,"line":9,"method":null,"native":false},{"column":14,"file":"node:internal/modules/cjs/loader","function":"Module._compile","line":1101,"method":"_compile","native":false},{"column":10,"file":"node:internal/modules/cjs/loader","function":"Module._extensions..js","line":1153,"method":".js","native":false},{"column":32,"file":"node:internal/modules/cjs/loader","function":"Module.load","line":981,"method":"load","native":false},{"column":12,"file":"node:internal/modules/cjs/loader","function":"Module._load","line":822,"method":"_load","native":false},{"column":12,"file":"node:internal/modules/run_main","function":"Function.executeUserEntryPoint [as runMain]","line":81,"method":"executeUserEntryPoint [as runMain]","native":false},{"column":47,"file":"node:internal/main/run_main_module","function":null,"line":17,"method":null,"native":false}]}
{"date":"Sun Jan 02 2022 16:59:27 GMT+0530 (India Standard Time)","error":{},"exception":true,"level":"error","message":"uncaughtException: winston is not a function\nTypeError: winston is not a function\n    at Object.<anonymous> (/home/shyamlal/Documents/simplilearn/iva/server.js:9:9)\n    at Module._compile (node:internal/modules/cjs/loader:1101:14)\n    at Object.Module._extensions..js (node:internal/modules/cjs/loader:1153:10)\n    at Module.load (node:internal/modules/cjs/loader:981:32)\n    at Function.Module._load (node:internal/modules/cjs/loader:822:12)\n    at Function.executeUserEntryPoint [as runMain] (node:internal/modules/run_main:81:12)\n    at node:internal/main/run_main_module:17:47","os":{"loadavg":[1.03,0.94,1.09],"uptime":124300.48},"process":{"argv":["/home/shyamlal/.nvm/versions/node/v16.13.1/bin/node","/home/shyamlal/Documents/simplilearn/iva/server.js"],"cwd":"/home/shyamlal/Documents/simplilearn/iva","execPath":"/home/shyamlal/.nvm/versions/node/v16.13.1/bin/node","gid":1000,"memoryUsage":{"arrayBuffers":286283,"external":1918238,"heapTotal":17686528,"heapUsed":11311560,"rss":50257920},"pid":130492,"uid":1000,"version":"v16.13.1"},"service":"user-service","stack":"TypeError: winston is not a function\n    at Object.<anonymous> (/home/shyamlal/Documents/simplilearn/iva/server.js:9:9)\n    at Module._compile (node:internal/modules/cjs/loader:1101:14)\n    at Object.Module._extensions..js (node:internal/modules/cjs/loader:1153:10)\n    at Module.load (node:internal/modules/cjs/loader:981:32)\n    at Function.Module._load (node:internal/modules/cjs/loader:822:12)\n    at Function.executeUserEntryPoint [as runMain] (node:internal/modules/run_main:81:12)\n    at node:internal/main/run_main_module:17:47","trace":[{"column":9,"file":"/home/shyamlal/Documents/simplilearn/iva/server.js","function":null,"line":9,"method":null,"native":false},{"column":14,"file":"node:internal/modules/cjs/loader","function":"Module._compile","line":1101,"method":"_compile","native":false},{"column":10,"file":"node:internal/modules/cjs/loader","function":"Module._extensions..js","line":1153,"method":".js","native":false},{"column":32,"file":"node:internal/modules/cjs/loader","function":"Module.load","line":981,"method":"load","native":false},{"column":12,"file":"node:internal/modules/cjs/loader","function":"Module._load","line":822,"method":"_load","native":false},{"column":12,"file":"node:internal/modules/run_main","function":"Function.executeUserEntryPoint [as runMain]","line":81,"method":"executeUserEntryPoint [as runMain]","native":false},{"column":47,"file":"node:internal/main/run_main_module","function":null,"line":17,"method":null,"native":false}]}
{"date":"Sun Jan 02 2022 16:59:32 GMT+0530 (India Standard Time)","error":{},"exception":true,"level":"error","message":"uncaughtException: winston is not a function\nTypeError: winston is not a function\n    at Object.<anonymous> (/home/shyamlal/Documents/simplilearn/iva/server.js:9:9)\n    at Module._compile (node:internal/modules/cjs/loader:1101:14)\n    at Object.Module._extensions..js (node:internal/modules/cjs/loader:1153:10)\n    at Module.load (node:internal/modules/cjs/loader:981:32)\n    at Function.Module._load (node:internal/modules/cjs/loader:822:12)\n    at Function.executeUserEntryPoint [as runMain] (node:internal/modules/run_main:81:12)\n    at node:internal/main/run_main_module:17:47","os":{"loadavg":[1.43,1.02,1.11],"uptime":124304.61},"process":{"argv":["/home/shyamlal/.nvm/versions/node/v16.13.1/bin/node","/home/shyamlal/Documents/simplilearn/iva/server.js"],"cwd":"/home/shyamlal/Documents/simplilearn/iva","execPath":"/home/shyamlal/.nvm/versions/node/v16.13.1/bin/node","gid":1000,"memoryUsage":{"arrayBuffers":286283,"external":1918238,"heapTotal":17686528,"heapUsed":11377184,"rss":51585024},"pid":130520,"uid":1000,"version":"v16.13.1"},"service":"user-service","stack":"TypeError: winston is not a function\n    at Object.<anonymous> (/home/shyamlal/Documents/simplilearn/iva/server.js:9:9)\n    at Module._compile (node:internal/modules/cjs/loader:1101:14)\n    at Object.Module._extensions..js (node:internal/modules/cjs/loader:1153:10)\n    at Module.load (node:internal/modules/cjs/loader:981:32)\n    at Function.Module._load (node:internal/modules/cjs/loader:822:12)\n    at Function.executeUserEntryPoint [as runMain] (node:internal/modules/run_main:81:12)\n    at node:internal/main/run_main_module:17:47","trace":[{"column":9,"file":"/home/shyamlal/Documents/simplilearn/iva/server.js","function":null,"line":9,"method":null,"native":false},{"column":14,"file":"node:internal/modules/cjs/loader","function":"Module._compile","line":1101,"method":"_compile","native":false},{"column":10,"file":"node:internal/modules/cjs/loader","function":"Module._extensions..js","line":1153,"method":".js","native":false},{"column":32,"file":"node:internal/modules/cjs/loader","function":"Module.load","line":981,"method":"load","native":false},{"column":12,"file":"node:internal/modules/cjs/loader","function":"Module._load","line":822,"method":"_load","native":false},{"column":12,"file":"node:internal/modules/run_main","function":"Function.executeUserEntryPoint [as runMain]","line":81,"method":"executeUserEntryPoint [as runMain]","native":false},{"column":47,"file":"node:internal/main/run_main_module","function":null,"line":17,"method":null,"native":false}]}
{"date":"Sun Jan 02 2022 17:06:44 GMT+0530 (India Standard Time)","error":{},"exception":true,"level":"error","message":"uncaughtException: winston is not a function\nTypeError: winston is not a function\n    at Object.<anonymous> (/home/shyamlal/Documents/simplilearn/iva/server.js:9:9)\n    at Module._compile (node:internal/modules/cjs/loader:1101:14)\n    at Object.Module._extensions..js (node:internal/modules/cjs/loader:1153:10)\n    at Module.load (node:internal/modules/cjs/loader:981:32)\n    at Function.Module._load (node:internal/modules/cjs/loader:822:12)\n    at Function.executeUserEntryPoint [as runMain] (node:internal/modules/run_main:81:12)\n    at node:internal/main/run_main_module:17:47","os":{"loadavg":[1.56,0.98,1.01],"uptime":124737.44},"process":{"argv":["/home/shyamlal/.nvm/versions/node/v16.13.1/bin/node","/home/shyamlal/Documents/simplilearn/iva/server.js"],"cwd":"/home/shyamlal/Documents/simplilearn/iva","execPath":"/home/shyamlal/.nvm/versions/node/v16.13.1/bin/node","gid":1000,"memoryUsage":{"arrayBuffers":300200,"external":1648183,"heapTotal":17686528,"heapUsed":11398568,"rss":52551680},"pid":131506,"uid":1000,"version":"v16.13.1"},"service":"user-service","stack":"TypeError: winston is not a function\n    at Object.<anonymous> (/home/shyamlal/Documents/simplilearn/iva/server.js:9:9)\n    at Module._compile (node:internal/modules/cjs/loader:1101:14)\n    at Object.Module._extensions..js (node:internal/modules/cjs/loader:1153:10)\n    at Module.load (node:internal/modules/cjs/loader:981:32)\n    at Function.Module._load (node:internal/modules/cjs/loader:822:12)\n    at Function.executeUserEntryPoint [as runMain] (node:internal/modules/run_main:81:12)\n    at node:internal/main/run_main_module:17:47","trace":[{"column":9,"file":"/home/shyamlal/Documents/simplilearn/iva/server.js","function":null,"line":9,"method":null,"native":false},{"column":14,"file":"node:internal/modules/cjs/loader","function":"Module._compile","line":1101,"method":"_compile","native":false},{"column":10,"file":"node:internal/modules/cjs/loader","function":"Module._extensions..js","line":1153,"method":".js","native":false},{"column":32,"file":"node:internal/modules/cjs/loader","function":"Module.load","line":981,"method":"load","native":false},{"column":12,"file":"node:internal/modules/cjs/loader","function":"Module._load","line":822,"method":"_load","native":false},{"column":12,"file":"node:internal/modules/run_main","function":"Function.executeUserEntryPoint [as runMain]","line":81,"method":"executeUserEntryPoint [as runMain]","native":false},{"column":47,"file":"node:internal/main/run_main_module","function":null,"line":17,"method":null,"native":false}]}
2022-01-02T14:14:30.169Z [right meow!] error: err : Cannot set headers after they are sent to the client
2022-01-02T14:14:30.173Z [right meow!] error: uncaughtException: Cannot set headers after they are sent to the client
Error [ERR_HTTP_HEADERS_SENT]: Cannot set headers after they are sent to the client
    at new NodeError (node:internal/errors:371:5)
    at ServerResponse.setHeader (node:_http_outgoing:576:11)
    at ServerResponse.header (/home/shyamlal/Documents/simplilearn/iva/node_modules/express/lib/response.js:776:10)
    at ServerResponse.send (/home/shyamlal/Documents/simplilearn/iva/node_modules/express/lib/response.js:170:12)
    at /home/shyamlal/Documents/simplilearn/iva/app/controllers/leads.controller.js:66:32
    at processTicksAndRejections (node:internal/process/task_queues:96:5)
2022-01-02T14:16:46.559Z [right meow!] error: uncaughtException: Unexpected token '{'
/home/shyamlal/Documents/simplilearn/iva/app/controllers/leads.controller.js:52
            if(data){
                    ^

SyntaxError: Unexpected token '{'
    at Object.compileFunction (node:vm:352:18)
    at wrapSafe (node:internal/modules/cjs/loader:1031:15)
    at Module._compile (node:internal/modules/cjs/loader:1065:27)
    at Object.Module._extensions..js (node:internal/modules/cjs/loader:1153:10)
    at Module.load (node:internal/modules/cjs/loader:981:32)
    at Function.Module._load (node:internal/modules/cjs/loader:822:12)
    at Module.require (node:internal/modules/cjs/loader:1005:19)
    at require (node:internal/modules/cjs/helpers:102:18)
    at Object.<anonymous> (/home/shyamlal/Documents/simplilearn/iva/app/routes/leads.route.js:2:24)
    at Module._compile (node:internal/modules/cjs/loader:1101:14)
2022-01-02T14:16:50.760Z [right meow!] error: uncaughtException: Unexpected token '{'
/home/shyamlal/Documents/simplilearn/iva/app/controllers/leads.controller.js:52
            if(data){
                    ^

SyntaxError: Unexpected token '{'
    at Object.compileFunction (node:vm:352:18)
    at wrapSafe (node:internal/modules/cjs/loader:1031:15)
    at Module._compile (node:internal/modules/cjs/loader:1065:27)
    at Object.Module._extensions..js (node:internal/modules/cjs/loader:1153:10)
    at Module.load (node:internal/modules/cjs/loader:981:32)
    at Function.Module._load (node:internal/modules/cjs/loader:822:12)
    at Module.require (node:internal/modules/cjs/loader:1005:19)
    at require (node:internal/modules/cjs/helpers:102:18)
    at Object.<anonymous> (/home/shyamlal/Documents/simplilearn/iva/app/routes/leads.route.js:2:24)
    at Module._compile (node:internal/modules/cjs/loader:1101:14)
2022-01-02T14:16:51.758Z [right meow!] error: uncaughtException: Unexpected token '('
/home/shyamlal/Documents/simplilearn/iva/app/controllers/leads.controller.js:51
            logger.()
                   ^

SyntaxError: Unexpected token '('
    at Object.compileFunction (node:vm:352:18)
    at wrapSafe (node:internal/modules/cjs/loader:1031:15)
    at Module._compile (node:internal/modules/cjs/loader:1065:27)
    at Object.Module._extensions..js (node:internal/modules/cjs/loader:1153:10)
    at Module.load (node:internal/modules/cjs/loader:981:32)
    at Function.Module._load (node:internal/modules/cjs/loader:822:12)
    at Module.require (node:internal/modules/cjs/loader:1005:19)
    at require (node:internal/modules/cjs/helpers:102:18)
    at Object.<anonymous> (/home/shyamlal/Documents/simplilearn/iva/app/routes/leads.route.js:2:24)
    at Module._compile (node:internal/modules/cjs/loader:1101:14)
2022-01-02T14:17:09.959Z [right meow!] error: err : Cannot set headers after they are sent to the client
2022-01-02T14:17:09.962Z [right meow!] error: uncaughtException: Cannot set headers after they are sent to the client
Error [ERR_HTTP_HEADERS_SENT]: Cannot set headers after they are sent to the client
    at new NodeError (node:internal/errors:371:5)
    at ServerResponse.setHeader (node:_http_outgoing:576:11)
    at ServerResponse.header (/home/shyamlal/Documents/simplilearn/iva/node_modules/express/lib/response.js:776:10)
    at ServerResponse.send (/home/shyamlal/Documents/simplilearn/iva/node_modules/express/lib/response.js:170:12)
    at /home/shyamlal/Documents/simplilearn/iva/app/controllers/leads.controller.js:67:32
    at processTicksAndRejections (node:internal/process/task_queues:96:5)
2022-01-02T14:18:12.831Z [right meow!] error: uncaughtException: loggers.error is not a function
TypeError: loggers.error is not a function
    at add (/home/shyamlal/Documents/simplilearn/iva/app/controllers/leads.controller.js:58:21)
    at processTicksAndRejections (node:internal/process/task_queues:96:5)
2022-01-02T14:21:14.623Z [right meow!] error: uncaughtException: Unexpected token '('
/home/shyamlal/Documents/simplilearn/iva/app/controllers/leads.controller.js:58
            loggers.(error.message);
                    ^

SyntaxError: Unexpected token '('
    at Object.compileFunction (node:vm:352:18)
    at wrapSafe (node:internal/modules/cjs/loader:1031:15)
    at Module._compile (node:internal/modules/cjs/loader:1065:27)
    at Object.Module._extensions..js (node:internal/modules/cjs/loader:1153:10)
    at Module.load (node:internal/modules/cjs/loader:981:32)
    at Function.Module._load (node:internal/modules/cjs/loader:822:12)
    at Module.require (node:internal/modules/cjs/loader:1005:19)
    at require (node:internal/modules/cjs/helpers:102:18)
    at Object.<anonymous> (/home/shyamlal/Documents/simplilearn/iva/app/routes/leads.route.js:2:24)
    at Module._compile (node:internal/modules/cjs/loader:1101:14)
2022-01-02T14:21:25.175Z [right meow!] error: uncaughtException: Unexpected token '('
/home/shyamlal/Documents/simplilearn/iva/app/controllers/leads.controller.js:58
            loggers.(error.message);
                    ^

SyntaxError: Unexpected token '('
    at Object.compileFunction (node:vm:352:18)
    at wrapSafe (node:internal/modules/cjs/loader:1031:15)
    at Module._compile (node:internal/modules/cjs/loader:1065:27)
    at Object.Module._extensions..js (node:internal/modules/cjs/loader:1153:10)
    at Module.load (node:internal/modules/cjs/loader:981:32)
    at Function.Module._load (node:internal/modules/cjs/loader:822:12)
    at Module.require (node:internal/modules/cjs/loader:1005:19)
    at require (node:internal/modules/cjs/helpers:102:18)
    at Object.<anonymous> (/home/shyamlal/Documents/simplilearn/iva/app/routes/leads.route.js:2:24)
    at Module._compile (node:internal/modules/cjs/loader:1101:14)
2022-01-02T14:21:52.863Z [right meow!] error: uncaughtException: Unexpected token '}'
/home/shyamlal/Documents/simplilearn/iva/app/controllers/leads.controller.js:76
        }
        ^

SyntaxError: Unexpected token '}'
    at Object.compileFunction (node:vm:352:18)
    at wrapSafe (node:internal/modules/cjs/loader:1031:15)
    at Module._compile (node:internal/modules/cjs/loader:1065:27)
    at Object.Module._extensions..js (node:internal/modules/cjs/loader:1153:10)
    at Module.load (node:internal/modules/cjs/loader:981:32)
    at Function.Module._load (node:internal/modules/cjs/loader:822:12)
    at Module.require (node:internal/modules/cjs/loader:1005:19)
    at require (node:internal/modules/cjs/helpers:102:18)
    at Object.<anonymous> (/home/shyamlal/Documents/simplilearn/iva/app/routes/leads.route.js:2:24)
    at Module._compile (node:internal/modules/cjs/loader:1101:14)
2022-01-02T14:22:58.490Z [right meow!] error: uncaughtException: Invalid or unexpected token
/home/shyamlal/Documents/simplilearn/iva/app/controllers/leads.controller.js:80
              res.status(404).send({msg:"No data available"});\
                                                              ^

SyntaxError: Invalid or unexpected token
    at Object.compileFunction (node:vm:352:18)
    at wrapSafe (node:internal/modules/cjs/loader:1031:15)
    at Module._compile (node:internal/modules/cjs/loader:1065:27)
    at Object.Module._extensions..js (node:internal/modules/cjs/loader:1153:10)
    at Module.load (node:internal/modules/cjs/loader:981:32)
    at Function.Module._load (node:internal/modules/cjs/loader:822:12)
    at Module.require (node:internal/modules/cjs/loader:1005:19)
    at require (node:internal/modules/cjs/helpers:102:18)
    at Object.<anonymous> (/home/shyamlal/Documents/simplilearn/iva/app/routes/leads.route.js:2:24)
    at Module._compile (node:internal/modules/cjs/loader:1101:14)
2022-01-02T14:24:47.062Z [right meow!] error: uncaughtException: Unexpected token '}'
/home/shyamlal/Documents/simplilearn/iva/app/controllers/leads.controller.js:90
        });
        ^

SyntaxError: Unexpected token '}'
    at Object.compileFunction (node:vm:352:18)
    at wrapSafe (node:internal/modules/cjs/loader:1031:15)
    at Module._compile (node:internal/modules/cjs/loader:1065:27)
    at Object.Module._extensions..js (node:internal/modules/cjs/loader:1153:10)
    at Module.load (node:internal/modules/cjs/loader:981:32)
    at Function.Module._load (node:internal/modules/cjs/loader:822:12)
    at Module.require (node:internal/modules/cjs/loader:1005:19)
    at require (node:internal/modules/cjs/helpers:102:18)
    at Object.<anonymous> (/home/shyamlal/Documents/simplilearn/iva/app/routes/leads.route.js:2:24)
    at Module._compile (node:internal/modules/cjs/loader:1101:14)
2022-01-02T14:29:03.608Z [right meow!] error: uncaughtException: loggers.log is not a function
TypeError: loggers.log is not a function
    at add (/home/shyamlal/Documents/simplilearn/iva/app/controllers/leads.controller.js:57:21)
    at processTicksAndRejections (node:internal/process/task_queues:96:5)
2022-01-02T14:31:10.520Z [right meow!] error: uncaughtException: Cannot create property 'Symbol(level)' on string 'err : Cannot set headers after they are sent to the client'
TypeError: Cannot create property 'Symbol(level)' on string 'err : Cannot set headers after they are sent to the client'
    at DerivedLogger.log (/home/shyamlal/Documents/simplilearn/iva/node_modules/winston/lib/winston/logger.js:208:20)
    at /home/shyamlal/Documents/simplilearn/iva/app/controllers/leads.controller.js:64:23
    at processTicksAndRejections (node:internal/process/task_queues:96:5)
2022-01-02T14:35:07.162Z [right meow!] error: uncaughtException: Cannot create property 'Symbol(level)' on string 'Cannot access 'data' before initialization'
TypeError: Cannot create property 'Symbol(level)' on string 'Cannot access 'data' before initialization'
    at DerivedLogger.log (/home/shyamlal/Documents/simplilearn/iva/node_modules/winston/lib/winston/logger.js:208:20)
    at add (/home/shyamlal/Documents/simplilearn/iva/app/controllers/leads.controller.js:56:20)
    at Layer.handle [as handle_request] (/home/shyamlal/Documents/simplilearn/iva/node_modules/express/lib/router/layer.js:95:5)
    at next (/home/shyamlal/Documents/simplilearn/iva/node_modules/express/lib/router/route.js:137:13)
    at Route.dispatch (/home/shyamlal/Documents/simplilearn/iva/node_modules/express/lib/router/route.js:112:3)
    at Layer.handle [as handle_request] (/home/shyamlal/Documents/simplilearn/iva/node_modules/express/lib/router/layer.js:95:5)
    at /home/shyamlal/Documents/simplilearn/iva/node_modules/express/lib/router/index.js:281:22
    at Function.process_params (/home/shyamlal/Documents/simplilearn/iva/node_modules/express/lib/router/index.js:341:12)
    at next (/home/shyamlal/Documents/simplilearn/iva/node_modules/express/lib/router/index.js:275:10)
    at Function.handle (/home/shyamlal/Documents/simplilearn/iva/node_modules/express/lib/router/index.js:174:3)
2022-01-02T14:36:44.101Z [right meow!] error: uncaughtException: Cannot create property 'Symbol(level)' on string 'err : Cannot set headers after they are sent to the client'
TypeError: Cannot create property 'Symbol(level)' on string 'err : Cannot set headers after they are sent to the client'
    at DerivedLogger.log (/home/shyamlal/Documents/simplilearn/iva/node_modules/winston/lib/winston/logger.js:208:20)
    at /home/shyamlal/Documents/simplilearn/iva/app/controllers/leads.controller.js:67:23
    at processTicksAndRejections (node:internal/process/task_queues:96:5)
